Determining if the pthread_create exist failed with the following output:
Change Dir: /home/rbe/Documents/RBE3002-Group/build/CMakeFiles/CMakeTmp

Run Build Command:/usr/bin/make "cmTryCompileExec3609765920/fast"
/usr/bin/make -f CMakeFiles/cmTryCompileExec3609765920.dir/build.make CMakeFiles/cmTryCompileExec3609765920.dir/build
make[1]: Entering directory `/home/rbe/Documents/RBE3002-Group/build/CMakeFiles/CMakeTmp'
/usr/bin/cmake -E cmake_progress_report /home/rbe/Documents/RBE3002-Group/build/CMakeFiles/CMakeTmp/CMakeFiles 1
Building C object CMakeFiles/cmTryCompileExec3609765920.dir/CheckSymbolExists.c.o
/usr/bin/cc    -o CMakeFiles/cmTryCompileExec3609765920.dir/CheckSymbolExists.c.o   -c /home/rbe/Documents/RBE3002-Group/build/CMakeFiles/CMakeTmp/CheckSymbolExists.c
Linking C executable cmTryCompileExec3609765920
/usr/bin/cmake -E cmake_link_script CMakeFiles/cmTryCompileExec3609765920.dir/link.txt --verbose=1
/usr/bin/cc       CMakeFiles/cmTryCompileExec3609765920.dir/CheckSymbolExists.c.o  -o cmTryCompileExec3609765920 -rdynamic 
CMakeFiles/cmTryCompileExec3609765920.dir/CheckSymbolExists.c.o: In function `main':
CheckSymbolExists.c:(.text+0x16): undefined reference to `pthread_create'
collect2: error: ld returned 1 exit status
make[1]: Leaving directory `/home/rbe/Documents/RBE3002-Group/build/CMakeFiles/CMakeTmp'
make[1]: *** [cmTryCompileExec3609765920] Error 1
make: *** [cmTryCompileExec3609765920/fast] Error 2

File /home/rbe/Documents/RBE3002-Group/build/CMakeFiles/CMakeTmp/CheckSymbolExists.c:
/* */
#include <pthread.h>

int main(int argc, char** argv)
{
  (void)argv;
#ifndef pthread_create
  return ((int*)(&pthread_create))[argc];
#else
  (void)argc;
  return 0;
#endif
}

Determining if the function pthread_create exists in the pthreads failed with the following output:
Change Dir: /home/rbe/Documents/RBE3002-Group/build/CMakeFiles/CMakeTmp

Run Build Command:/usr/bin/make "cmTryCompileExec2481347423/fast"
/usr/bin/make -f CMakeFiles/cmTryCompileExec2481347423.dir/build.make CMakeFiles/cmTryCompileExec2481347423.dir/build
make[1]: Entering directory `/home/rbe/Documents/RBE3002-Group/build/CMakeFiles/CMakeTmp'
/usr/bin/cmake -E cmake_progress_report /home/rbe/Documents/RBE3002-Group/build/CMakeFiles/CMakeTmp/CMakeFiles 1
Building C object CMakeFiles/cmTryCompileExec2481347423.dir/CheckFunctionExists.c.o
/usr/bin/cc   -DCHECK_FUNCTION_EXISTS=pthread_create   -o CMakeFiles/cmTryCompileExec2481347423.dir/CheckFunctionExists.c.o   -c /usr/share/cmake-2.8/Modules/CheckFunctionExists.c
Linking C executable cmTryCompileExec2481347423
/usr/bin/cmake -E cmake_link_script CMakeFiles/cmTryCompileExec2481347423.dir/link.txt --verbose=1
/usr/bin/cc   -DCHECK_FUNCTION_EXISTS=pthread_create    CMakeFiles/cmTryCompileExec2481347423.dir/CheckFunctionExists.c.o  -o cmTryCompileExec2481347423 -rdynamic -lpthreads 
/usr/bin/ld: cannot find -lpthreads
collect2: error: ld returned 1 exit status
make[1]: *** [cmTryCompileExec2481347423] Error 1
make[1]: Leaving directory `/home/rbe/Documents/RBE3002-Group/build/CMakeFiles/CMakeTmp'
make: *** [cmTryCompileExec2481347423/fast] Error 2


